

Version:	3.12
CmdLine:	C:\Users\User\Desktop\NOZZLE LENGTH CKECK\Nozzle Length Ckeck.exe --l4j-debug
WOW64:		yes
Working dir:	C:\Users\User\Desktop\NOZZLE LENGTH CKECK\.
Java min ver:	1.008.000
Java max ver:	
Bundled JRE:	src\jre1.8.0_241
Check launcher:	C:\Users\User\Desktop\NOZZLE LENGTH CKECK\src\jre1.8.0_241\bin\javaw.exe (OK)
Main class:	LaptopJava
Add classpath:	.
Launcher:	C:\Users\User\Desktop\NOZZLE LENGTH CKECK\src\jre1.8.0_241\bin\javaw.exe
Launcher args:	-classpath "C:\Users\User\Desktop\NOZZLE LENGTH CKECK\Nozzle Length Ckeck.exe;." LaptopJava
Args length:	91/32768 chars
Exit code:	0


Version:	3.12
CmdLine:	C:\Users\User\Desktop\NOZZLE LENGTH CKECK\Nozzle Length Ckeck.exe --l4j-debug
WOW64:		yes
Working dir:	C:\Users\User\Desktop\NOZZLE LENGTH CKECK\.
Java min ver:	1.008.000
Java max ver:	
Bundled JRE:	src\jre1.8.0_241
Check launcher:	C:\Users\User\Desktop\NOZZLE LENGTH CKECK\src\jre1.8.0_241\bin\javaw.exe (OK)
Main class:	MyJava
Add classpath:	.
Launcher:	C:\Users\User\Desktop\NOZZLE LENGTH CKECK\src\jre1.8.0_241\bin\javaw.exe
Launcher args:	-classpath "C:\Users\User\Desktop\NOZZLE LENGTH CKECK\Nozzle Length Ckeck.exe;." MyJava
Args length:	87/32768 chars
Exit code:	0


Version:	3.12
CmdLine:	C:\Users\User\Desktop\NOZZLE LENGTH CKECK\Nozzle Length Ckeck.exe --l4j-debug
WOW64:		yes
Working dir:	C:\Users\User\Desktop\NOZZLE LENGTH CKECK\.
Java min ver:	1.008.000
Java max ver:	
Bundled JRE:	src\jre1.8.0_241
Check launcher:	C:\Users\User\Desktop\NOZZLE LENGTH CKECK\src\jre1.8.0_241\bin\javaw.exe (OK)
Main class:	MyJava
Add classpath:	.
Launcher:	C:\Users\User\Desktop\NOZZLE LENGTH CKECK\src\jre1.8.0_241\bin\javaw.exe
Launcher args:	-classpath "C:\Users\User\Desktop\NOZZLE LENGTH CKECK\Nozzle Length Ckeck.exe;." MyJava
Args length:	87/32768 chars
Exit code:	0


Version:	3.12
CmdLine:	C:\Users\User\Desktop\NOZZLE LENGTH CKECK\Nozzle Length Ckeck.exe --l4j-debug
WOW64:		yes
Working dir:	C:\Users\User\Desktop\NOZZLE LENGTH CKECK\.
Java min ver:	1.008.000
Java max ver:	
Bundled JRE:	src\jre1.8.0_241
Check launcher:	C:\Users\User\Desktop\NOZZLE LENGTH CKECK\src\jre1.8.0_241\bin\javaw.exe (OK)
Main class:	MyJava
Add classpath:	.
Launcher:	C:\Users\User\Desktop\NOZZLE LENGTH CKECK\src\jre1.8.0_241\bin\javaw.exe
Launcher args:	-classpath "C:\Users\User\Desktop\NOZZLE LENGTH CKECK\Nozzle Length Ckeck.exe;." MyJava
Args length:	87/32768 chars
Exit code:	0
